---------- Date: 2018-04-26 20:31:54 ~ IP : ::1 ----------
REQUEST URI : /honk/
VQMod::_getMods - NO XML FILES READABLE IN XML FOLDER
----------------------------------------------------------------------


---------- Date: 2018-04-26 20:31:55 ~ IP : ::1 ----------
REQUEST URI : /honk/
VQMod::_getMods - NO XML FILES READABLE IN XML FOLDER
----------------------------------------------------------------------


---------- Date: 2018-04-26 20:32:00 ~ IP : ::1 ----------
REQUEST URI : /honk/blog/wisata-alam-manado-maladewa-nya-indonesia
VQMod::_getMods - NO XML FILES READABLE IN XML FOLDER
----------------------------------------------------------------------


---------- Date: 2018-04-26 20:32:01 ~ IP : ::1 ----------
REQUEST URI : /honk/blog/wisata-alam-manado-maladewa-nya-indonesia
VQMod::_getMods - NO XML FILES READABLE IN XML FOLDER
----------------------------------------------------------------------


---------- Date: 2018-04-26 20:32:12 ~ IP : ::1 ----------
REQUEST URI : /honk/
VQMod::_getMods - NO XML FILES READABLE IN XML FOLDER
----------------------------------------------------------------------


---------- Date: 2018-04-26 20:32:13 ~ IP : ::1 ----------
REQUEST URI : /honk/
VQMod::_getMods - NO XML FILES READABLE IN XML FOLDER
----------------------------------------------------------------------


---------- Date: 2018-04-26 20:32:17 ~ IP : ::1 ----------
REQUEST URI : /honk/article/wisata-alam-manado-maladewa-nya-indonesia
VQMod::_getMods - NO XML FILES READABLE IN XML FOLDER
----------------------------------------------------------------------


---------- Date: 2018-04-26 20:32:18 ~ IP : ::1 ----------
REQUEST URI : /honk/article/wisata-alam-manado-maladewa-nya-indonesia
VQMod::_getMods - NO XML FILES READABLE IN XML FOLDER
----------------------------------------------------------------------


---------- Date: 2018-04-26 20:32:51 ~ IP : ::1 ----------
REQUEST URI : /honk/panel/admin.php?mod=pages
VQMod::_getMods - NO XML FILES READABLE IN XML FOLDER
----------------------------------------------------------------------


---------- Date: 2018-04-26 20:33:27 ~ IP : ::1 ----------
REQUEST URI : /honk/pages/layanan
VQMod::_getMods - NO XML FILES READABLE IN XML FOLDER
----------------------------------------------------------------------


---------- Date: 2018-04-26 20:33:28 ~ IP : ::1 ----------
REQUEST URI : /honk/pages/layanan
VQMod::_getMods - NO XML FILES READABLE IN XML FOLDER
----------------------------------------------------------------------


---------- Date: 2018-04-26 20:36:02 ~ IP : ::1 ----------
REQUEST URI : /honk/panel/admin.php?mod=pages
VQMod::_getMods - NO XML FILES READABLE IN XML FOLDER
----------------------------------------------------------------------


---------- Date: 2018-04-26 20:36:08 ~ IP : ::1 ----------
REQUEST URI : /honk/pages/layanan
VQMod::_getMods - NO XML FILES READABLE IN XML FOLDER
----------------------------------------------------------------------


---------- Date: 2018-04-26 20:36:08 ~ IP : ::1 ----------
REQUEST URI : /honk/pages/layanan
VQMod::_getMods - NO XML FILES READABLE IN XML FOLDER
----------------------------------------------------------------------


---------- Date: 2018-04-26 20:36:10 ~ IP : ::1 ----------
REQUEST URI : /honk/
VQMod::_getMods - NO XML FILES READABLE IN XML FOLDER
----------------------------------------------------------------------


---------- Date: 2018-04-26 20:36:11 ~ IP : ::1 ----------
REQUEST URI : /honk/
VQMod::_getMods - NO XML FILES READABLE IN XML FOLDER
----------------------------------------------------------------------


---------- Date: 2018-04-26 20:36:52 ~ IP : ::1 ----------
REQUEST URI : /honk/panel/admin.php?mod=home
VQMod::_getMods - NO XML FILES READABLE IN XML FOLDER
----------------------------------------------------------------------


---------- Date: 2018-04-26 20:36:52 ~ IP : ::1 ----------
REQUEST URI : /honk/panel/admin.php?mod=home
VQMod::_getMods - NO XML FILES READABLE IN XML FOLDER
----------------------------------------------------------------------


---------- Date: 2018-04-26 20:37:07 ~ IP : ::1 ----------
REQUEST URI : /honk/panel/admin.php?mod=home
VQMod::_getMods - NO XML FILES READABLE IN XML FOLDER
----------------------------------------------------------------------


---------- Date: 2018-04-26 20:37:42 ~ IP : ::1 ----------
REQUEST URI : /honk/panel/admin.php?mod=menumanager
VQMod::_getMods - NO XML FILES READABLE IN XML FOLDER
----------------------------------------------------------------------


---------- Date: 2018-04-26 20:38:12 ~ IP : ::1 ----------
REQUEST URI : /honk/panel/admin.php?mod=menumanager
VQMod::_getMods - NO XML FILES READABLE IN XML FOLDER
----------------------------------------------------------------------


---------- Date: 2018-04-26 20:38:14 ~ IP : ::1 ----------
REQUEST URI : /honk/panel/admin.php?mod=home
VQMod::_getMods - NO XML FILES READABLE IN XML FOLDER
----------------------------------------------------------------------


---------- Date: 2018-04-26 20:38:22 ~ IP : ::1 ----------
REQUEST URI : /honk/panel/admin.php?mod=component
VQMod::_getMods - NO XML FILES READABLE IN XML FOLDER
----------------------------------------------------------------------


---------- Date: 2018-04-26 20:38:27 ~ IP : ::1 ----------
REQUEST URI : /honk/panel/admin.php?mod=menumanager
VQMod::_getMods - NO XML FILES READABLE IN XML FOLDER
----------------------------------------------------------------------


---------- Date: 2018-04-26 20:38:30 ~ IP : ::1 ----------
REQUEST URI : /honk/panel/admin.php?mod=menumanager&act=menu&group_id=3
VQMod::_getMods - NO XML FILES READABLE IN XML FOLDER
----------------------------------------------------------------------


---------- Date: 2018-04-26 20:38:38 ~ IP : ::1 ----------
REQUEST URI : /honk/panel/admin.php?mod=menumanager&act=menu
VQMod::_getMods - NO XML FILES READABLE IN XML FOLDER
----------------------------------------------------------------------


---------- Date: 2018-04-26 20:38:40 ~ IP : ::1 ----------
REQUEST URI : /honk/panel/admin.php?mod=menumanager&act=menu&group_id=2
VQMod::_getMods - NO XML FILES READABLE IN XML FOLDER
----------------------------------------------------------------------


---------- Date: 2018-04-26 20:38:45 ~ IP : ::1 ----------
REQUEST URI : /honk/
VQMod::_getMods - NO XML FILES READABLE IN XML FOLDER
----------------------------------------------------------------------


---------- Date: 2018-04-26 20:38:47 ~ IP : ::1 ----------
REQUEST URI : /honk/
VQMod::_getMods - NO XML FILES READABLE IN XML FOLDER
----------------------------------------------------------------------


---------- Date: 2018-04-26 20:38:56 ~ IP : ::1 ----------
REQUEST URI : /honk/pages/layanan
VQMod::_getMods - NO XML FILES READABLE IN XML FOLDER
----------------------------------------------------------------------


---------- Date: 2018-04-26 20:38:56 ~ IP : ::1 ----------
REQUEST URI : /honk/pages/layanan
VQMod::_getMods - NO XML FILES READABLE IN XML FOLDER
----------------------------------------------------------------------


---------- Date: 2018-04-26 20:39:02 ~ IP : ::1 ----------
REQUEST URI : /honk/panel/admin.php?mod=library
VQMod::_getMods - NO XML FILES READABLE IN XML FOLDER
----------------------------------------------------------------------


---------- Date: 2018-04-26 20:39:09 ~ IP : ::1 ----------
REQUEST URI : /honk/panel/admin.php?mod=library
VQMod::_getMods - NO XML FILES READABLE IN XML FOLDER
----------------------------------------------------------------------


---------- Date: 2018-04-26 20:39:17 ~ IP : ::1 ----------
REQUEST URI : /honk/panel/admin.php?mod=library
VQMod::_getMods - NO XML FILES READABLE IN XML FOLDER
----------------------------------------------------------------------


---------- Date: 2018-04-26 20:39:19 ~ IP : ::1 ----------
REQUEST URI : /honk/pages/layanan
VQMod::_getMods - NO XML FILES READABLE IN XML FOLDER
----------------------------------------------------------------------


---------- Date: 2018-04-26 20:39:19 ~ IP : ::1 ----------
REQUEST URI : /honk/pages/layanan
VQMod::_getMods - NO XML FILES READABLE IN XML FOLDER
----------------------------------------------------------------------


---------- Date: 2018-04-26 20:39:22 ~ IP : ::1 ----------
REQUEST URI : /honk/panel/admin.php?mod=setting
VQMod::_getMods - NO XML FILES READABLE IN XML FOLDER
----------------------------------------------------------------------


---------- Date: 2018-04-26 20:39:39 ~ IP : ::1 ----------
REQUEST URI : /honk/panel/admin.php?mod=setting
VQMod::_getMods - NO XML FILES READABLE IN XML FOLDER
----------------------------------------------------------------------


---------- Date: 2018-04-26 20:39:41 ~ IP : ::1 ----------
REQUEST URI : /honk/panel/admin.php?mod=setting
VQMod::_getMods - NO XML FILES READABLE IN XML FOLDER
----------------------------------------------------------------------


---------- Date: 2018-04-26 20:39:49 ~ IP : ::1 ----------
REQUEST URI : /honk/panel/admin.php?mod=user
VQMod::_getMods - NO XML FILES READABLE IN XML FOLDER
----------------------------------------------------------------------


---------- Date: 2018-04-26 20:39:54 ~ IP : ::1 ----------
REQUEST URI : /honk/panel/admin.php?mod=home
VQMod::_getMods - NO XML FILES READABLE IN XML FOLDER
----------------------------------------------------------------------


---------- Date: 2018-04-26 20:39:59 ~ IP : ::1 ----------
REQUEST URI : /honk/panel/admin.php?mod=user
VQMod::_getMods - NO XML FILES READABLE IN XML FOLDER
----------------------------------------------------------------------


---------- Date: 2018-04-26 20:40:04 ~ IP : ::1 ----------
REQUEST URI : /honk/panel/admin.php?mod=user&act=edit&id=ffa7ec3ea584d08c4dd8c0c6eb64fe23
VQMod::_getMods - NO XML FILES READABLE IN XML FOLDER
----------------------------------------------------------------------


---------- Date: 2018-04-26 20:40:20 ~ IP : ::1 ----------
REQUEST URI : /honk/panel/admin.php?mod=home
VQMod::_getMods - NO XML FILES READABLE IN XML FOLDER
----------------------------------------------------------------------


---------- Date: 2018-04-26 20:41:11 ~ IP : ::1 ----------
REQUEST URI : /honk/panel/admin.php?mod=home
VQMod::_getMods - NO XML FILES READABLE IN XML FOLDER
----------------------------------------------------------------------


