---------- Date: 2018-04-27 02:59:23 ~ IP : ::1 ----------
REQUEST URI : /honk/panel/admin.php?mod=home
VQMod::_getMods - NO XML FILES READABLE IN XML FOLDER
----------------------------------------------------------------------


---------- Date: 2018-04-27 02:59:24 ~ IP : ::1 ----------
REQUEST URI : /honk/panel/admin.php?mod=home
VQMod::_getMods - NO XML FILES READABLE IN XML FOLDER
----------------------------------------------------------------------


---------- Date: 2018-04-27 02:59:24 ~ IP : ::1 ----------
REQUEST URI : /honk/panel/admin.php?mod=home
VQMod::_getMods - NO XML FILES READABLE IN XML FOLDER
----------------------------------------------------------------------


---------- Date: 2018-04-27 02:59:24 ~ IP : ::1 ----------
REQUEST URI : /honk/panel/admin.php?mod=home
VQMod::_getMods - NO XML FILES READABLE IN XML FOLDER
----------------------------------------------------------------------


---------- Date: 2018-04-27 03:11:21 ~ IP : ::1 ----------
REQUEST URI : /honk/css/bootstrap.css
VQMod::_getMods - NO XML FILES READABLE IN XML FOLDER
----------------------------------------------------------------------


---------- Date: 2018-04-27 03:31:53 ~ IP : ::1 ----------
REQUEST URI : /honk/detailpost/bangun-lebih-pagi-agar-bisa-merealisasikan-startup-impianmu
VQMod::_getMods - NO XML FILES READABLE IN XML FOLDER
----------------------------------------------------------------------


---------- Date: 2018-04-27 03:32:51 ~ IP : ::1 ----------
REQUEST URI : /honk/panel/admin.php?mod=pages
VQMod::_getMods - NO XML FILES READABLE IN XML FOLDER
----------------------------------------------------------------------


---------- Date: 2018-04-27 03:32:51 ~ IP : ::1 ----------
REQUEST URI : /honk/panel/route.php?mod=pages&act=datatable
VQMod::_getMods - NO XML FILES READABLE IN XML FOLDER
----------------------------------------------------------------------


---------- Date: 2018-04-27 03:36:02 ~ IP : ::1 ----------
REQUEST URI : /honk/panel/admin.php?mod=pages
VQMod::_getMods - NO XML FILES READABLE IN XML FOLDER
----------------------------------------------------------------------


---------- Date: 2018-04-27 03:36:03 ~ IP : ::1 ----------
REQUEST URI : /honk/panel/route.php?mod=pages&act=datatable
VQMod::_getMods - NO XML FILES READABLE IN XML FOLDER
----------------------------------------------------------------------


---------- Date: 2018-04-27 03:36:17 ~ IP : ::1 ----------
REQUEST URI : /honk/article/7-ide-beri-edukasi-keuangan-kepada-anak
VQMod::_getMods - NO XML FILES READABLE IN XML FOLDER
----------------------------------------------------------------------


---------- Date: 2018-04-27 03:37:07 ~ IP : ::1 ----------
REQUEST URI : /honk/panel/admin.php?mod=home
VQMod::_getMods - NO XML FILES READABLE IN XML FOLDER
----------------------------------------------------------------------


---------- Date: 2018-04-27 03:37:08 ~ IP : ::1 ----------
REQUEST URI : /honk/po-content/thumbs/trik-bagun-lebih-pagi.jpg
VQMod::_getMods - NO XML FILES READABLE IN XML FOLDER
----------------------------------------------------------------------


---------- Date: 2018-04-27 03:37:09 ~ IP : ::1 ----------
REQUEST URI : /honk/po-content/thumbs/bukit-kasih-kanonang.jpg
VQMod::_getMods - NO XML FILES READABLE IN XML FOLDER
----------------------------------------------------------------------


---------- Date: 2018-04-27 03:37:10 ~ IP : ::1 ----------
REQUEST URI : /honk/po-content/thumbs/pulau-nain.jpg
VQMod::_getMods - NO XML FILES READABLE IN XML FOLDER
----------------------------------------------------------------------


---------- Date: 2018-04-27 03:37:10 ~ IP : ::1 ----------
REQUEST URI : /honk/po-content/thumbs/cewek-bergigi-gingsul.jpg
VQMod::_getMods - NO XML FILES READABLE IN XML FOLDER
----------------------------------------------------------------------


---------- Date: 2018-04-27 03:37:11 ~ IP : ::1 ----------
REQUEST URI : /honk/po-content/thumbs/cowok-cuek.jpg
VQMod::_getMods - NO XML FILES READABLE IN XML FOLDER
----------------------------------------------------------------------


---------- Date: 2018-04-27 03:37:42 ~ IP : ::1 ----------
REQUEST URI : /honk/panel/admin.php?mod=menumanager
VQMod::_getMods - NO XML FILES READABLE IN XML FOLDER
----------------------------------------------------------------------


---------- Date: 2018-04-27 03:37:43 ~ IP : ::1 ----------
REQUEST URI : /honk/inc/images/menu/breadcrumbs.png
VQMod::_getMods - NO XML FILES READABLE IN XML FOLDER
----------------------------------------------------------------------


---------- Date: 2018-04-27 03:37:48 ~ IP : ::1 ----------
REQUEST URI : /honk/panel/route.php?mod=menumanager&act=deletemenu
VQMod::_getMods - NO XML FILES READABLE IN XML FOLDER
----------------------------------------------------------------------


---------- Date: 2018-04-27 03:37:50 ~ IP : ::1 ----------
REQUEST URI : /honk/panel/route.php?mod=menumanager&act=deletemenu
VQMod::_getMods - NO XML FILES READABLE IN XML FOLDER
----------------------------------------------------------------------


---------- Date: 2018-04-27 03:37:53 ~ IP : ::1 ----------
REQUEST URI : /honk/panel/route.php?mod=menumanager&act=deletemenu
VQMod::_getMods - NO XML FILES READABLE IN XML FOLDER
----------------------------------------------------------------------


---------- Date: 2018-04-27 03:37:55 ~ IP : ::1 ----------
REQUEST URI : /honk/panel/route.php?mod=menumanager&act=deletemenu
VQMod::_getMods - NO XML FILES READABLE IN XML FOLDER
----------------------------------------------------------------------


---------- Date: 2018-04-27 03:37:58 ~ IP : ::1 ----------
REQUEST URI : /honk/panel/route.php?mod=menumanager&act=deletemenu
VQMod::_getMods - NO XML FILES READABLE IN XML FOLDER
----------------------------------------------------------------------


---------- Date: 2018-04-27 03:38:01 ~ IP : ::1 ----------
REQUEST URI : /honk/panel/route.php?mod=menumanager&act=deletemenu
VQMod::_getMods - NO XML FILES READABLE IN XML FOLDER
----------------------------------------------------------------------


---------- Date: 2018-04-27 03:38:12 ~ IP : ::1 ----------
REQUEST URI : /honk/panel/admin.php?mod=menumanager
VQMod::_getMods - NO XML FILES READABLE IN XML FOLDER
----------------------------------------------------------------------


---------- Date: 2018-04-27 03:38:13 ~ IP : ::1 ----------
REQUEST URI : /honk/inc/images/menu/breadcrumbs.png
VQMod::_getMods - NO XML FILES READABLE IN XML FOLDER
----------------------------------------------------------------------


---------- Date: 2018-04-27 03:38:14 ~ IP : ::1 ----------
REQUEST URI : /honk/panel/admin.php?mod=home
VQMod::_getMods - NO XML FILES READABLE IN XML FOLDER
----------------------------------------------------------------------


---------- Date: 2018-04-27 03:38:15 ~ IP : ::1 ----------
REQUEST URI : /honk/po-content/thumbs/trik-bagun-lebih-pagi.jpg
VQMod::_getMods - NO XML FILES READABLE IN XML FOLDER
----------------------------------------------------------------------


---------- Date: 2018-04-27 03:38:15 ~ IP : ::1 ----------
REQUEST URI : /honk/po-content/thumbs/cowok-cuek.jpg
VQMod::_getMods - NO XML FILES READABLE IN XML FOLDER
----------------------------------------------------------------------


---------- Date: 2018-04-27 03:38:16 ~ IP : ::1 ----------
REQUEST URI : /honk/po-content/thumbs/bukit-kasih-kanonang.jpg
VQMod::_getMods - NO XML FILES READABLE IN XML FOLDER
----------------------------------------------------------------------


---------- Date: 2018-04-27 03:38:17 ~ IP : ::1 ----------
REQUEST URI : /honk/po-content/thumbs/pulau-nain.jpg
VQMod::_getMods - NO XML FILES READABLE IN XML FOLDER
----------------------------------------------------------------------


---------- Date: 2018-04-27 03:38:17 ~ IP : ::1 ----------
REQUEST URI : /honk/po-content/thumbs/cewek-bergigi-gingsul.jpg
VQMod::_getMods - NO XML FILES READABLE IN XML FOLDER
----------------------------------------------------------------------


---------- Date: 2018-04-27 03:38:22 ~ IP : ::1 ----------
REQUEST URI : /honk/panel/admin.php?mod=component
VQMod::_getMods - NO XML FILES READABLE IN XML FOLDER
----------------------------------------------------------------------


---------- Date: 2018-04-27 03:38:22 ~ IP : ::1 ----------
REQUEST URI : /honk/panel/route.php?mod=component&act=datatable
VQMod::_getMods - NO XML FILES READABLE IN XML FOLDER
----------------------------------------------------------------------


---------- Date: 2018-04-27 03:38:27 ~ IP : ::1 ----------
REQUEST URI : /honk/panel/admin.php?mod=menumanager
VQMod::_getMods - NO XML FILES READABLE IN XML FOLDER
----------------------------------------------------------------------


---------- Date: 2018-04-27 03:38:28 ~ IP : ::1 ----------
REQUEST URI : /honk/inc/images/menu/breadcrumbs.png
VQMod::_getMods - NO XML FILES READABLE IN XML FOLDER
----------------------------------------------------------------------


---------- Date: 2018-04-27 03:38:30 ~ IP : ::1 ----------
REQUEST URI : /honk/panel/admin.php?mod=menumanager&act=menu&group_id=3
VQMod::_getMods - NO XML FILES READABLE IN XML FOLDER
----------------------------------------------------------------------


---------- Date: 2018-04-27 03:38:31 ~ IP : ::1 ----------
REQUEST URI : /honk/inc/images/menu/breadcrumbs.png
VQMod::_getMods - NO XML FILES READABLE IN XML FOLDER
----------------------------------------------------------------------


---------- Date: 2018-04-27 03:38:38 ~ IP : ::1 ----------
REQUEST URI : /honk/panel/route.php?mod=menumanager&act=deletemenugroup
VQMod::_getMods - NO XML FILES READABLE IN XML FOLDER
----------------------------------------------------------------------


---------- Date: 2018-04-27 03:38:38 ~ IP : ::1 ----------
REQUEST URI : /honk/panel/admin.php?mod=menumanager&act=menu
VQMod::_getMods - NO XML FILES READABLE IN XML FOLDER
----------------------------------------------------------------------


---------- Date: 2018-04-27 03:38:39 ~ IP : ::1 ----------
REQUEST URI : /honk/inc/images/menu/breadcrumbs.png
VQMod::_getMods - NO XML FILES READABLE IN XML FOLDER
----------------------------------------------------------------------


---------- Date: 2018-04-27 03:38:40 ~ IP : ::1 ----------
REQUEST URI : /honk/panel/admin.php?mod=menumanager&act=menu&group_id=2
VQMod::_getMods - NO XML FILES READABLE IN XML FOLDER
----------------------------------------------------------------------


---------- Date: 2018-04-27 03:38:41 ~ IP : ::1 ----------
REQUEST URI : /honk/inc/images/menu/breadcrumbs.png
VQMod::_getMods - NO XML FILES READABLE IN XML FOLDER
----------------------------------------------------------------------


---------- Date: 2018-04-27 03:39:02 ~ IP : ::1 ----------
REQUEST URI : /honk/panel/admin.php?mod=library
VQMod::_getMods - NO XML FILES READABLE IN XML FOLDER
----------------------------------------------------------------------


---------- Date: 2018-04-27 03:39:02 ~ IP : ::1 ----------
REQUEST URI : /honk/panel/route.php?mod=library&act=datatable
VQMod::_getMods - NO XML FILES READABLE IN XML FOLDER
----------------------------------------------------------------------


---------- Date: 2018-04-27 03:39:09 ~ IP : ::1 ----------
REQUEST URI : /honk/panel/route.php?mod=library&act=multidelete
VQMod::_getMods - NO XML FILES READABLE IN XML FOLDER
----------------------------------------------------------------------


---------- Date: 2018-04-27 03:39:09 ~ IP : ::1 ----------
REQUEST URI : /honk/panel/admin.php?mod=library
VQMod::_getMods - NO XML FILES READABLE IN XML FOLDER
----------------------------------------------------------------------


---------- Date: 2018-04-27 03:39:09 ~ IP : ::1 ----------
REQUEST URI : /honk/panel/route.php?mod=library&act=datatable
VQMod::_getMods - NO XML FILES READABLE IN XML FOLDER
----------------------------------------------------------------------


---------- Date: 2018-04-27 03:39:13 ~ IP : ::1 ----------
REQUEST URI : /honk/panel/route.php?mod=library&act=datatable
VQMod::_getMods - NO XML FILES READABLE IN XML FOLDER
----------------------------------------------------------------------


---------- Date: 2018-04-27 03:39:17 ~ IP : ::1 ----------
REQUEST URI : /honk/panel/route.php?mod=library&act=multidelete
VQMod::_getMods - NO XML FILES READABLE IN XML FOLDER
----------------------------------------------------------------------


---------- Date: 2018-04-27 03:39:17 ~ IP : ::1 ----------
REQUEST URI : /honk/panel/admin.php?mod=library
VQMod::_getMods - NO XML FILES READABLE IN XML FOLDER
----------------------------------------------------------------------


---------- Date: 2018-04-27 03:39:17 ~ IP : ::1 ----------
REQUEST URI : /honk/panel/route.php?mod=library&act=datatable
VQMod::_getMods - NO XML FILES READABLE IN XML FOLDER
----------------------------------------------------------------------


---------- Date: 2018-04-27 03:39:22 ~ IP : ::1 ----------
REQUEST URI : /honk/panel/admin.php?mod=setting
VQMod::_getMods - NO XML FILES READABLE IN XML FOLDER
----------------------------------------------------------------------


---------- Date: 2018-04-27 03:39:22 ~ IP : ::1 ----------
REQUEST URI : /honk/panel/route.php?mod=setting&act=datatable
VQMod::_getMods - NO XML FILES READABLE IN XML FOLDER
----------------------------------------------------------------------


---------- Date: 2018-04-27 03:39:39 ~ IP : ::1 ----------
REQUEST URI : /honk/panel/route.php?mod=setting&act=deleteoauth&id=2
VQMod::_getMods - NO XML FILES READABLE IN XML FOLDER
----------------------------------------------------------------------


---------- Date: 2018-04-27 03:39:39 ~ IP : ::1 ----------
REQUEST URI : /honk/panel/admin.php?mod=setting
VQMod::_getMods - NO XML FILES READABLE IN XML FOLDER
----------------------------------------------------------------------


---------- Date: 2018-04-27 03:39:40 ~ IP : ::1 ----------
REQUEST URI : /honk/panel/route.php?mod=setting&act=datatable
VQMod::_getMods - NO XML FILES READABLE IN XML FOLDER
----------------------------------------------------------------------


---------- Date: 2018-04-27 03:39:41 ~ IP : ::1 ----------
REQUEST URI : /honk/panel/route.php?mod=setting&act=deleteoauth&id=1
VQMod::_getMods - NO XML FILES READABLE IN XML FOLDER
----------------------------------------------------------------------


---------- Date: 2018-04-27 03:39:42 ~ IP : ::1 ----------
REQUEST URI : /honk/panel/admin.php?mod=setting
VQMod::_getMods - NO XML FILES READABLE IN XML FOLDER
----------------------------------------------------------------------


---------- Date: 2018-04-27 03:39:42 ~ IP : ::1 ----------
REQUEST URI : /honk/panel/route.php?mod=setting&act=datatable
VQMod::_getMods - NO XML FILES READABLE IN XML FOLDER
----------------------------------------------------------------------


---------- Date: 2018-04-27 03:39:49 ~ IP : ::1 ----------
REQUEST URI : /honk/panel/admin.php?mod=user
VQMod::_getMods - NO XML FILES READABLE IN XML FOLDER
----------------------------------------------------------------------


---------- Date: 2018-04-27 03:39:49 ~ IP : ::1 ----------
REQUEST URI : /honk/panel/route.php?mod=user&act=datatable
VQMod::_getMods - NO XML FILES READABLE IN XML FOLDER
----------------------------------------------------------------------


---------- Date: 2018-04-27 03:39:54 ~ IP : ::1 ----------
REQUEST URI : /honk/panel/admin.php?mod=home
VQMod::_getMods - NO XML FILES READABLE IN XML FOLDER
----------------------------------------------------------------------


---------- Date: 2018-04-27 03:39:55 ~ IP : ::1 ----------
REQUEST URI : /honk/po-content/thumbs/trik-bagun-lebih-pagi.jpg
VQMod::_getMods - NO XML FILES READABLE IN XML FOLDER
----------------------------------------------------------------------


---------- Date: 2018-04-27 03:39:55 ~ IP : ::1 ----------
REQUEST URI : /honk/po-content/thumbs/bukit-kasih-kanonang.jpg
VQMod::_getMods - NO XML FILES READABLE IN XML FOLDER
----------------------------------------------------------------------


---------- Date: 2018-04-27 03:39:56 ~ IP : ::1 ----------
REQUEST URI : /honk/po-content/thumbs/cowok-cuek.jpg
VQMod::_getMods - NO XML FILES READABLE IN XML FOLDER
----------------------------------------------------------------------


---------- Date: 2018-04-27 03:39:56 ~ IP : ::1 ----------
REQUEST URI : /honk/po-content/thumbs/pulau-nain.jpg
VQMod::_getMods - NO XML FILES READABLE IN XML FOLDER
----------------------------------------------------------------------


---------- Date: 2018-04-27 03:39:57 ~ IP : ::1 ----------
REQUEST URI : /honk/po-content/thumbs/cewek-bergigi-gingsul.jpg
VQMod::_getMods - NO XML FILES READABLE IN XML FOLDER
----------------------------------------------------------------------


---------- Date: 2018-04-27 03:39:59 ~ IP : ::1 ----------
REQUEST URI : /honk/panel/admin.php?mod=user
VQMod::_getMods - NO XML FILES READABLE IN XML FOLDER
----------------------------------------------------------------------


---------- Date: 2018-04-27 03:40:00 ~ IP : ::1 ----------
REQUEST URI : /honk/panel/route.php?mod=user&act=datatable
VQMod::_getMods - NO XML FILES READABLE IN XML FOLDER
----------------------------------------------------------------------


---------- Date: 2018-04-27 03:40:04 ~ IP : ::1 ----------
REQUEST URI : /honk/panel/admin.php?mod=user&act=edit&id=ffa7ec3ea584d08c4dd8c0c6eb64fe23
VQMod::_getMods - NO XML FILES READABLE IN XML FOLDER
----------------------------------------------------------------------


---------- Date: 2018-04-27 03:40:20 ~ IP : ::1 ----------
REQUEST URI : /honk/panel/admin.php?mod=home
VQMod::_getMods - NO XML FILES READABLE IN XML FOLDER
----------------------------------------------------------------------


---------- Date: 2018-04-27 03:40:21 ~ IP : ::1 ----------
REQUEST URI : /honk/po-content/thumbs/cewek-bergigi-gingsul.jpg
VQMod::_getMods - NO XML FILES READABLE IN XML FOLDER
----------------------------------------------------------------------


---------- Date: 2018-04-27 03:40:21 ~ IP : ::1 ----------
REQUEST URI : /honk/po-content/thumbs/bukit-kasih-kanonang.jpg
VQMod::_getMods - NO XML FILES READABLE IN XML FOLDER
----------------------------------------------------------------------


---------- Date: 2018-04-27 03:40:22 ~ IP : ::1 ----------
REQUEST URI : /honk/po-content/thumbs/trik-bagun-lebih-pagi.jpg
VQMod::_getMods - NO XML FILES READABLE IN XML FOLDER
----------------------------------------------------------------------


---------- Date: 2018-04-27 03:40:22 ~ IP : ::1 ----------
REQUEST URI : /honk/po-content/thumbs/pulau-nain.jpg
VQMod::_getMods - NO XML FILES READABLE IN XML FOLDER
----------------------------------------------------------------------


---------- Date: 2018-04-27 03:40:23 ~ IP : ::1 ----------
REQUEST URI : /honk/po-content/thumbs/cowok-cuek.jpg
VQMod::_getMods - NO XML FILES READABLE IN XML FOLDER
----------------------------------------------------------------------


---------- Date: 2018-04-27 03:41:11 ~ IP : ::1 ----------
REQUEST URI : /honk/panel/admin.php?mod=home
VQMod::_getMods - NO XML FILES READABLE IN XML FOLDER
----------------------------------------------------------------------


---------- Date: 2018-04-27 17:42:00 ~ IP : ::1 ----------
REQUEST URI : /honk/
VQMod::_getMods - NO XML FILES READABLE IN XML FOLDER
----------------------------------------------------------------------


---------- Date: 2018-04-27 17:42:02 ~ IP : ::1 ----------
REQUEST URI : /honk/
VQMod::_getMods - NO XML FILES READABLE IN XML FOLDER
----------------------------------------------------------------------


---------- Date: 2018-04-27 17:42:15 ~ IP : ::1 ----------
REQUEST URI : /honk/adminpanel/
VQMod::_getMods - NO XML FILES READABLE IN XML FOLDER
----------------------------------------------------------------------


---------- Date: 2018-04-27 17:42:15 ~ IP : ::1 ----------
REQUEST URI : /honk/adminpanel/index.php
VQMod::_getMods - NO XML FILES READABLE IN XML FOLDER
----------------------------------------------------------------------


---------- Date: 2018-04-27 17:42:15 ~ IP : ::1 ----------
REQUEST URI : /honk/adminpanel/index.php
VQMod::_getMods - NO XML FILES READABLE IN XML FOLDER
----------------------------------------------------------------------


---------- Date: 2018-04-27 17:42:15 ~ IP : ::1 ----------
REQUEST URI : /honk/adminpanel/index.php
VQMod::_getMods - NO XML FILES READABLE IN XML FOLDER
----------------------------------------------------------------------


---------- Date: 2018-04-27 17:42:15 ~ IP : ::1 ----------
REQUEST URI : /honk/adminpanel/index.php
VQMod::_getMods - NO XML FILES READABLE IN XML FOLDER
----------------------------------------------------------------------


---------- Date: 2018-04-27 17:42:15 ~ IP : ::1 ----------
REQUEST URI : /honk/adminpanel/index.php
VQMod::_getMods - NO XML FILES READABLE IN XML FOLDER
----------------------------------------------------------------------


---------- Date: 2018-04-27 17:42:15 ~ IP : ::1 ----------
REQUEST URI : /honk/adminpanel/index.php
VQMod::_getMods - NO XML FILES READABLE IN XML FOLDER
----------------------------------------------------------------------


---------- Date: 2018-04-27 17:42:15 ~ IP : ::1 ----------
REQUEST URI : /honk/adminpanel/index.php
VQMod::_getMods - NO XML FILES READABLE IN XML FOLDER
----------------------------------------------------------------------


---------- Date: 2018-04-27 17:42:16 ~ IP : ::1 ----------
REQUEST URI : /honk/adminpanel/index.php
VQMod::_getMods - NO XML FILES READABLE IN XML FOLDER
----------------------------------------------------------------------


---------- Date: 2018-04-27 17:42:16 ~ IP : ::1 ----------
REQUEST URI : /honk/adminpanel/index.php
VQMod::_getMods - NO XML FILES READABLE IN XML FOLDER
----------------------------------------------------------------------


---------- Date: 2018-04-27 17:42:16 ~ IP : ::1 ----------
REQUEST URI : /honk/adminpanel/index.php
VQMod::_getMods - NO XML FILES READABLE IN XML FOLDER
----------------------------------------------------------------------


---------- Date: 2018-04-27 17:42:16 ~ IP : ::1 ----------
REQUEST URI : /honk/adminpanel/index.php
VQMod::_getMods - NO XML FILES READABLE IN XML FOLDER
----------------------------------------------------------------------


---------- Date: 2018-04-27 17:42:16 ~ IP : ::1 ----------
REQUEST URI : /honk/adminpanel/index.php
VQMod::_getMods - NO XML FILES READABLE IN XML FOLDER
----------------------------------------------------------------------


---------- Date: 2018-04-27 17:42:16 ~ IP : ::1 ----------
REQUEST URI : /honk/adminpanel/index.php
VQMod::_getMods - NO XML FILES READABLE IN XML FOLDER
----------------------------------------------------------------------


---------- Date: 2018-04-27 17:42:16 ~ IP : ::1 ----------
REQUEST URI : /honk/adminpanel/index.php
VQMod::_getMods - NO XML FILES READABLE IN XML FOLDER
----------------------------------------------------------------------


---------- Date: 2018-04-27 17:42:16 ~ IP : ::1 ----------
REQUEST URI : /honk/adminpanel/index.php
VQMod::_getMods - NO XML FILES READABLE IN XML FOLDER
----------------------------------------------------------------------


---------- Date: 2018-04-27 17:42:16 ~ IP : ::1 ----------
REQUEST URI : /honk/adminpanel/index.php
VQMod::_getMods - NO XML FILES READABLE IN XML FOLDER
----------------------------------------------------------------------


---------- Date: 2018-04-27 17:42:16 ~ IP : ::1 ----------
REQUEST URI : /honk/adminpanel/index.php
VQMod::_getMods - NO XML FILES READABLE IN XML FOLDER
----------------------------------------------------------------------


---------- Date: 2018-04-27 17:42:16 ~ IP : ::1 ----------
REQUEST URI : /honk/adminpanel/index.php
VQMod::_getMods - NO XML FILES READABLE IN XML FOLDER
----------------------------------------------------------------------


---------- Date: 2018-04-27 17:42:16 ~ IP : ::1 ----------
REQUEST URI : /honk/adminpanel/index.php
VQMod::_getMods - NO XML FILES READABLE IN XML FOLDER
----------------------------------------------------------------------


---------- Date: 2018-04-27 17:42:17 ~ IP : ::1 ----------
REQUEST URI : /honk/adminpanel/index.php
VQMod::_getMods - NO XML FILES READABLE IN XML FOLDER
----------------------------------------------------------------------


---------- Date: 2018-04-27 17:42:17 ~ IP : ::1 ----------
REQUEST URI : /honk/adminpanel/index.php
VQMod::_getMods - NO XML FILES READABLE IN XML FOLDER
----------------------------------------------------------------------


---------- Date: 2018-04-27 17:42:17 ~ IP : ::1 ----------
REQUEST URI : /honk/adminpanel/index.php
VQMod::_getMods - NO XML FILES READABLE IN XML FOLDER
----------------------------------------------------------------------


---------- Date: 2018-04-27 17:42:17 ~ IP : ::1 ----------
REQUEST URI : /honk/adminpanel/index.php
VQMod::_getMods - NO XML FILES READABLE IN XML FOLDER
----------------------------------------------------------------------


---------- Date: 2018-04-27 17:42:17 ~ IP : ::1 ----------
REQUEST URI : /honk/adminpanel/index.php
VQMod::_getMods - NO XML FILES READABLE IN XML FOLDER
----------------------------------------------------------------------


---------- Date: 2018-04-27 17:42:17 ~ IP : ::1 ----------
REQUEST URI : /honk/adminpanel/index.php
VQMod::_getMods - NO XML FILES READABLE IN XML FOLDER
----------------------------------------------------------------------


---------- Date: 2018-04-27 17:42:17 ~ IP : ::1 ----------
REQUEST URI : /honk/adminpanel/index.php
VQMod::_getMods - NO XML FILES READABLE IN XML FOLDER
----------------------------------------------------------------------


---------- Date: 2018-04-27 17:42:17 ~ IP : ::1 ----------
REQUEST URI : /honk/adminpanel/index.php
VQMod::_getMods - NO XML FILES READABLE IN XML FOLDER
----------------------------------------------------------------------


---------- Date: 2018-04-27 17:42:17 ~ IP : ::1 ----------
REQUEST URI : /honk/adminpanel/index.php
VQMod::_getMods - NO XML FILES READABLE IN XML FOLDER
----------------------------------------------------------------------


---------- Date: 2018-04-27 17:42:17 ~ IP : ::1 ----------
REQUEST URI : /honk/adminpanel/index.php
VQMod::_getMods - NO XML FILES READABLE IN XML FOLDER
----------------------------------------------------------------------


---------- Date: 2018-04-27 17:42:17 ~ IP : ::1 ----------
REQUEST URI : /honk/adminpanel/index.php
VQMod::_getMods - NO XML FILES READABLE IN XML FOLDER
----------------------------------------------------------------------


---------- Date: 2018-04-27 17:42:17 ~ IP : ::1 ----------
REQUEST URI : /honk/adminpanel/index.php
VQMod::_getMods - NO XML FILES READABLE IN XML FOLDER
----------------------------------------------------------------------


---------- Date: 2018-04-27 17:42:17 ~ IP : ::1 ----------
REQUEST URI : /honk/adminpanel/index.php
VQMod::_getMods - NO XML FILES READABLE IN XML FOLDER
----------------------------------------------------------------------


---------- Date: 2018-04-27 17:42:18 ~ IP : ::1 ----------
REQUEST URI : /honk/adminpanel/index.php
VQMod::_getMods - NO XML FILES READABLE IN XML FOLDER
----------------------------------------------------------------------


---------- Date: 2018-04-27 17:42:18 ~ IP : ::1 ----------
REQUEST URI : /honk/adminpanel/index.php
VQMod::_getMods - NO XML FILES READABLE IN XML FOLDER
----------------------------------------------------------------------


---------- Date: 2018-04-27 17:42:18 ~ IP : ::1 ----------
REQUEST URI : /honk/adminpanel/index.php
VQMod::_getMods - NO XML FILES READABLE IN XML FOLDER
----------------------------------------------------------------------


---------- Date: 2018-04-27 17:42:18 ~ IP : ::1 ----------
REQUEST URI : /honk/adminpanel/index.php
VQMod::_getMods - NO XML FILES READABLE IN XML FOLDER
----------------------------------------------------------------------


---------- Date: 2018-04-27 17:42:18 ~ IP : ::1 ----------
REQUEST URI : /honk/adminpanel/index.php
VQMod::_getMods - NO XML FILES READABLE IN XML FOLDER
----------------------------------------------------------------------


---------- Date: 2018-04-27 17:42:18 ~ IP : ::1 ----------
REQUEST URI : /honk/adminpanel/index.php
VQMod::_getMods - NO XML FILES READABLE IN XML FOLDER
----------------------------------------------------------------------


---------- Date: 2018-04-27 17:42:18 ~ IP : ::1 ----------
REQUEST URI : /honk/adminpanel/index.php
VQMod::_getMods - NO XML FILES READABLE IN XML FOLDER
----------------------------------------------------------------------


---------- Date: 2018-04-27 17:42:18 ~ IP : ::1 ----------
REQUEST URI : /honk/adminpanel/index.php
VQMod::_getMods - NO XML FILES READABLE IN XML FOLDER
----------------------------------------------------------------------


---------- Date: 2018-04-27 17:42:20 ~ IP : ::1 ----------
REQUEST URI : /honk/adminpanel/index.php
VQMod::_getMods - NO XML FILES READABLE IN XML FOLDER
----------------------------------------------------------------------


---------- Date: 2018-04-27 17:42:20 ~ IP : ::1 ----------
REQUEST URI : /honk/adminpanel/index.php
VQMod::_getMods - NO XML FILES READABLE IN XML FOLDER
----------------------------------------------------------------------


---------- Date: 2018-04-27 17:42:20 ~ IP : ::1 ----------
REQUEST URI : /honk/adminpanel/index.php
VQMod::_getMods - NO XML FILES READABLE IN XML FOLDER
----------------------------------------------------------------------


---------- Date: 2018-04-27 17:42:20 ~ IP : ::1 ----------
REQUEST URI : /honk/adminpanel/index.php
VQMod::_getMods - NO XML FILES READABLE IN XML FOLDER
----------------------------------------------------------------------


---------- Date: 2018-04-27 17:42:20 ~ IP : ::1 ----------
REQUEST URI : /honk/adminpanel/index.php
VQMod::_getMods - NO XML FILES READABLE IN XML FOLDER
----------------------------------------------------------------------


---------- Date: 2018-04-27 17:42:20 ~ IP : ::1 ----------
REQUEST URI : /honk/adminpanel/index.php
VQMod::_getMods - NO XML FILES READABLE IN XML FOLDER
----------------------------------------------------------------------


---------- Date: 2018-04-27 17:42:20 ~ IP : ::1 ----------
REQUEST URI : /honk/adminpanel/index.php
VQMod::_getMods - NO XML FILES READABLE IN XML FOLDER
----------------------------------------------------------------------


---------- Date: 2018-04-27 17:42:21 ~ IP : ::1 ----------
REQUEST URI : /honk/adminpanel/index.php
VQMod::_getMods - NO XML FILES READABLE IN XML FOLDER
----------------------------------------------------------------------


---------- Date: 2018-04-27 17:42:21 ~ IP : ::1 ----------
REQUEST URI : /honk/adminpanel/index.php
VQMod::_getMods - NO XML FILES READABLE IN XML FOLDER
----------------------------------------------------------------------


---------- Date: 2018-04-27 17:42:21 ~ IP : ::1 ----------
REQUEST URI : /honk/adminpanel/index.php
VQMod::_getMods - NO XML FILES READABLE IN XML FOLDER
----------------------------------------------------------------------


---------- Date: 2018-04-27 17:42:21 ~ IP : ::1 ----------
REQUEST URI : /honk/adminpanel/index.php
VQMod::_getMods - NO XML FILES READABLE IN XML FOLDER
----------------------------------------------------------------------


---------- Date: 2018-04-27 17:42:21 ~ IP : ::1 ----------
REQUEST URI : /honk/adminpanel/index.php
VQMod::_getMods - NO XML FILES READABLE IN XML FOLDER
----------------------------------------------------------------------


---------- Date: 2018-04-27 17:42:21 ~ IP : ::1 ----------
REQUEST URI : /honk/adminpanel/index.php
VQMod::_getMods - NO XML FILES READABLE IN XML FOLDER
----------------------------------------------------------------------


---------- Date: 2018-04-27 17:42:21 ~ IP : ::1 ----------
REQUEST URI : /honk/adminpanel/index.php
VQMod::_getMods - NO XML FILES READABLE IN XML FOLDER
----------------------------------------------------------------------


---------- Date: 2018-04-27 17:42:21 ~ IP : ::1 ----------
REQUEST URI : /honk/adminpanel/index.php
VQMod::_getMods - NO XML FILES READABLE IN XML FOLDER
----------------------------------------------------------------------


---------- Date: 2018-04-27 17:42:21 ~ IP : ::1 ----------
REQUEST URI : /honk/adminpanel/index.php
VQMod::_getMods - NO XML FILES READABLE IN XML FOLDER
----------------------------------------------------------------------


---------- Date: 2018-04-27 17:42:21 ~ IP : ::1 ----------
REQUEST URI : /honk/adminpanel/index.php
VQMod::_getMods - NO XML FILES READABLE IN XML FOLDER
----------------------------------------------------------------------


---------- Date: 2018-04-27 17:42:21 ~ IP : ::1 ----------
REQUEST URI : /honk/adminpanel/index.php
VQMod::_getMods - NO XML FILES READABLE IN XML FOLDER
----------------------------------------------------------------------


---------- Date: 2018-04-27 17:42:21 ~ IP : ::1 ----------
REQUEST URI : /honk/adminpanel/index.php
VQMod::_getMods - NO XML FILES READABLE IN XML FOLDER
----------------------------------------------------------------------


---------- Date: 2018-04-27 17:42:21 ~ IP : ::1 ----------
REQUEST URI : /honk/adminpanel/index.php
VQMod::_getMods - NO XML FILES READABLE IN XML FOLDER
----------------------------------------------------------------------


---------- Date: 2018-04-27 17:42:21 ~ IP : ::1 ----------
REQUEST URI : /honk/adminpanel/index.php
VQMod::_getMods - NO XML FILES READABLE IN XML FOLDER
----------------------------------------------------------------------


---------- Date: 2018-04-27 17:42:27 ~ IP : ::1 ----------
REQUEST URI : /honk/adminpanel/index.php
VQMod::_getMods - NO XML FILES READABLE IN XML FOLDER
----------------------------------------------------------------------


---------- Date: 2018-04-27 17:42:27 ~ IP : ::1 ----------
REQUEST URI : /honk/adminpanel/index.php
VQMod::_getMods - NO XML FILES READABLE IN XML FOLDER
----------------------------------------------------------------------


---------- Date: 2018-04-27 17:42:27 ~ IP : ::1 ----------
REQUEST URI : /honk/adminpanel/index.php
VQMod::_getMods - NO XML FILES READABLE IN XML FOLDER
----------------------------------------------------------------------


---------- Date: 2018-04-27 17:42:27 ~ IP : ::1 ----------
REQUEST URI : /honk/adminpanel/index.php
VQMod::_getMods - NO XML FILES READABLE IN XML FOLDER
----------------------------------------------------------------------


---------- Date: 2018-04-27 17:42:27 ~ IP : ::1 ----------
REQUEST URI : /honk/adminpanel/index.php
VQMod::_getMods - NO XML FILES READABLE IN XML FOLDER
----------------------------------------------------------------------


---------- Date: 2018-04-27 17:42:27 ~ IP : ::1 ----------
REQUEST URI : /honk/adminpanel/index.php
VQMod::_getMods - NO XML FILES READABLE IN XML FOLDER
----------------------------------------------------------------------


---------- Date: 2018-04-27 17:42:27 ~ IP : ::1 ----------
REQUEST URI : /honk/adminpanel/index.php
VQMod::_getMods - NO XML FILES READABLE IN XML FOLDER
----------------------------------------------------------------------


---------- Date: 2018-04-27 17:42:27 ~ IP : ::1 ----------
REQUEST URI : /honk/adminpanel/index.php
VQMod::_getMods - NO XML FILES READABLE IN XML FOLDER
----------------------------------------------------------------------


---------- Date: 2018-04-27 17:42:27 ~ IP : ::1 ----------
REQUEST URI : /honk/adminpanel/index.php
VQMod::_getMods - NO XML FILES READABLE IN XML FOLDER
----------------------------------------------------------------------


---------- Date: 2018-04-27 17:42:27 ~ IP : ::1 ----------
REQUEST URI : /honk/adminpanel/index.php
VQMod::_getMods - NO XML FILES READABLE IN XML FOLDER
----------------------------------------------------------------------


---------- Date: 2018-04-27 17:42:27 ~ IP : ::1 ----------
REQUEST URI : /honk/adminpanel/index.php
VQMod::_getMods - NO XML FILES READABLE IN XML FOLDER
----------------------------------------------------------------------


---------- Date: 2018-04-27 17:42:27 ~ IP : ::1 ----------
REQUEST URI : /honk/adminpanel/index.php
VQMod::_getMods - NO XML FILES READABLE IN XML FOLDER
----------------------------------------------------------------------


---------- Date: 2018-04-27 17:42:28 ~ IP : ::1 ----------
REQUEST URI : /honk/adminpanel/index.php
VQMod::_getMods - NO XML FILES READABLE IN XML FOLDER
----------------------------------------------------------------------


---------- Date: 2018-04-27 17:42:28 ~ IP : ::1 ----------
REQUEST URI : /honk/adminpanel/index.php
VQMod::_getMods - NO XML FILES READABLE IN XML FOLDER
----------------------------------------------------------------------


---------- Date: 2018-04-27 17:42:28 ~ IP : ::1 ----------
REQUEST URI : /honk/adminpanel/index.php
VQMod::_getMods - NO XML FILES READABLE IN XML FOLDER
----------------------------------------------------------------------


---------- Date: 2018-04-27 17:42:28 ~ IP : ::1 ----------
REQUEST URI : /honk/adminpanel/index.php
VQMod::_getMods - NO XML FILES READABLE IN XML FOLDER
----------------------------------------------------------------------


---------- Date: 2018-04-27 17:42:28 ~ IP : ::1 ----------
REQUEST URI : /honk/adminpanel/index.php
VQMod::_getMods - NO XML FILES READABLE IN XML FOLDER
----------------------------------------------------------------------


---------- Date: 2018-04-27 17:42:28 ~ IP : ::1 ----------
REQUEST URI : /honk/adminpanel/index.php
VQMod::_getMods - NO XML FILES READABLE IN XML FOLDER
----------------------------------------------------------------------


---------- Date: 2018-04-27 17:42:28 ~ IP : ::1 ----------
REQUEST URI : /honk/adminpanel/index.php
VQMod::_getMods - NO XML FILES READABLE IN XML FOLDER
----------------------------------------------------------------------


---------- Date: 2018-04-27 17:42:28 ~ IP : ::1 ----------
REQUEST URI : /honk/adminpanel/index.php
VQMod::_getMods - NO XML FILES READABLE IN XML FOLDER
----------------------------------------------------------------------


---------- Date: 2018-04-27 17:42:28 ~ IP : ::1 ----------
REQUEST URI : /honk/adminpanel/index.php
VQMod::_getMods - NO XML FILES READABLE IN XML FOLDER
----------------------------------------------------------------------


---------- Date: 2018-04-27 17:42:58 ~ IP : ::1 ----------
REQUEST URI : /honk/adminpanel/index.php
VQMod::_getMods - NO XML FILES READABLE IN XML FOLDER
----------------------------------------------------------------------


---------- Date: 2018-04-27 17:42:58 ~ IP : ::1 ----------
REQUEST URI : /honk/adminpanel/index.php
VQMod::_getMods - NO XML FILES READABLE IN XML FOLDER
----------------------------------------------------------------------


---------- Date: 2018-04-27 17:42:58 ~ IP : ::1 ----------
REQUEST URI : /honk/adminpanel/index.php
VQMod::_getMods - NO XML FILES READABLE IN XML FOLDER
----------------------------------------------------------------------


---------- Date: 2018-04-27 17:42:58 ~ IP : ::1 ----------
REQUEST URI : /honk/adminpanel/index.php
VQMod::_getMods - NO XML FILES READABLE IN XML FOLDER
----------------------------------------------------------------------


---------- Date: 2018-04-27 17:42:59 ~ IP : ::1 ----------
REQUEST URI : /honk/adminpanel/index.php
VQMod::_getMods - NO XML FILES READABLE IN XML FOLDER
----------------------------------------------------------------------


---------- Date: 2018-04-27 17:42:59 ~ IP : ::1 ----------
REQUEST URI : /honk/adminpanel/index.php
VQMod::_getMods - NO XML FILES READABLE IN XML FOLDER
----------------------------------------------------------------------


---------- Date: 2018-04-27 17:42:59 ~ IP : ::1 ----------
REQUEST URI : /honk/adminpanel/index.php
VQMod::_getMods - NO XML FILES READABLE IN XML FOLDER
----------------------------------------------------------------------


---------- Date: 2018-04-27 17:42:59 ~ IP : ::1 ----------
REQUEST URI : /honk/adminpanel/index.php
VQMod::_getMods - NO XML FILES READABLE IN XML FOLDER
----------------------------------------------------------------------


---------- Date: 2018-04-27 17:42:59 ~ IP : ::1 ----------
REQUEST URI : /honk/adminpanel/index.php
VQMod::_getMods - NO XML FILES READABLE IN XML FOLDER
----------------------------------------------------------------------


---------- Date: 2018-04-27 17:42:59 ~ IP : ::1 ----------
REQUEST URI : /honk/adminpanel/index.php
VQMod::_getMods - NO XML FILES READABLE IN XML FOLDER
----------------------------------------------------------------------


---------- Date: 2018-04-27 17:42:59 ~ IP : ::1 ----------
REQUEST URI : /honk/adminpanel/index.php
VQMod::_getMods - NO XML FILES READABLE IN XML FOLDER
----------------------------------------------------------------------


---------- Date: 2018-04-27 17:42:59 ~ IP : ::1 ----------
REQUEST URI : /honk/adminpanel/index.php
VQMod::_getMods - NO XML FILES READABLE IN XML FOLDER
----------------------------------------------------------------------


---------- Date: 2018-04-27 17:42:59 ~ IP : ::1 ----------
REQUEST URI : /honk/adminpanel/index.php
VQMod::_getMods - NO XML FILES READABLE IN XML FOLDER
----------------------------------------------------------------------


---------- Date: 2018-04-27 17:42:59 ~ IP : ::1 ----------
REQUEST URI : /honk/adminpanel/index.php
VQMod::_getMods - NO XML FILES READABLE IN XML FOLDER
----------------------------------------------------------------------


---------- Date: 2018-04-27 17:42:59 ~ IP : ::1 ----------
REQUEST URI : /honk/adminpanel/index.php
VQMod::_getMods - NO XML FILES READABLE IN XML FOLDER
----------------------------------------------------------------------


---------- Date: 2018-04-27 17:42:59 ~ IP : ::1 ----------
REQUEST URI : /honk/adminpanel/index.php
VQMod::_getMods - NO XML FILES READABLE IN XML FOLDER
----------------------------------------------------------------------


---------- Date: 2018-04-27 17:42:59 ~ IP : ::1 ----------
REQUEST URI : /honk/adminpanel/index.php
VQMod::_getMods - NO XML FILES READABLE IN XML FOLDER
----------------------------------------------------------------------


---------- Date: 2018-04-27 17:42:59 ~ IP : ::1 ----------
REQUEST URI : /honk/adminpanel/index.php
VQMod::_getMods - NO XML FILES READABLE IN XML FOLDER
----------------------------------------------------------------------


---------- Date: 2018-04-27 17:43:00 ~ IP : ::1 ----------
REQUEST URI : /honk/adminpanel/index.php
VQMod::_getMods - NO XML FILES READABLE IN XML FOLDER
----------------------------------------------------------------------


---------- Date: 2018-04-27 17:43:00 ~ IP : ::1 ----------
REQUEST URI : /honk/adminpanel/index.php
VQMod::_getMods - NO XML FILES READABLE IN XML FOLDER
----------------------------------------------------------------------


---------- Date: 2018-04-27 17:43:00 ~ IP : ::1 ----------
REQUEST URI : /honk/adminpanel/index.php
VQMod::_getMods - NO XML FILES READABLE IN XML FOLDER
----------------------------------------------------------------------


---------- Date: 2018-04-27 17:44:00 ~ IP : ::1 ----------
REQUEST URI : /honk/adminpanel/index.php
VQMod::_getMods - NO XML FILES READABLE IN XML FOLDER
----------------------------------------------------------------------


---------- Date: 2018-04-27 17:44:00 ~ IP : ::1 ----------
REQUEST URI : /honk/adminpanel/index.php
VQMod::_getMods - NO XML FILES READABLE IN XML FOLDER
----------------------------------------------------------------------


---------- Date: 2018-04-27 17:44:00 ~ IP : ::1 ----------
REQUEST URI : /honk/adminpanel/index.php
VQMod::_getMods - NO XML FILES READABLE IN XML FOLDER
----------------------------------------------------------------------


---------- Date: 2018-04-27 17:44:00 ~ IP : ::1 ----------
REQUEST URI : /honk/adminpanel/index.php
VQMod::_getMods - NO XML FILES READABLE IN XML FOLDER
----------------------------------------------------------------------


---------- Date: 2018-04-27 17:44:00 ~ IP : ::1 ----------
REQUEST URI : /honk/adminpanel/index.php
VQMod::_getMods - NO XML FILES READABLE IN XML FOLDER
----------------------------------------------------------------------


---------- Date: 2018-04-27 17:44:00 ~ IP : ::1 ----------
REQUEST URI : /honk/adminpanel/index.php
VQMod::_getMods - NO XML FILES READABLE IN XML FOLDER
----------------------------------------------------------------------


---------- Date: 2018-04-27 17:44:00 ~ IP : ::1 ----------
REQUEST URI : /honk/adminpanel/index.php
VQMod::_getMods - NO XML FILES READABLE IN XML FOLDER
----------------------------------------------------------------------


---------- Date: 2018-04-27 17:44:00 ~ IP : ::1 ----------
REQUEST URI : /honk/adminpanel/index.php
VQMod::_getMods - NO XML FILES READABLE IN XML FOLDER
----------------------------------------------------------------------


---------- Date: 2018-04-27 17:44:00 ~ IP : ::1 ----------
REQUEST URI : /honk/adminpanel/index.php
VQMod::_getMods - NO XML FILES READABLE IN XML FOLDER
----------------------------------------------------------------------


---------- Date: 2018-04-27 17:44:00 ~ IP : ::1 ----------
REQUEST URI : /honk/adminpanel/index.php
VQMod::_getMods - NO XML FILES READABLE IN XML FOLDER
----------------------------------------------------------------------


---------- Date: 2018-04-27 17:44:00 ~ IP : ::1 ----------
REQUEST URI : /honk/adminpanel/index.php
VQMod::_getMods - NO XML FILES READABLE IN XML FOLDER
----------------------------------------------------------------------


---------- Date: 2018-04-27 17:44:00 ~ IP : ::1 ----------
REQUEST URI : /honk/adminpanel/index.php
VQMod::_getMods - NO XML FILES READABLE IN XML FOLDER
----------------------------------------------------------------------


---------- Date: 2018-04-27 17:44:01 ~ IP : ::1 ----------
REQUEST URI : /honk/adminpanel/index.php
VQMod::_getMods - NO XML FILES READABLE IN XML FOLDER
----------------------------------------------------------------------


---------- Date: 2018-04-27 17:44:01 ~ IP : ::1 ----------
REQUEST URI : /honk/adminpanel/index.php
VQMod::_getMods - NO XML FILES READABLE IN XML FOLDER
----------------------------------------------------------------------


---------- Date: 2018-04-27 17:44:01 ~ IP : ::1 ----------
REQUEST URI : /honk/adminpanel/index.php
VQMod::_getMods - NO XML FILES READABLE IN XML FOLDER
----------------------------------------------------------------------


---------- Date: 2018-04-27 17:44:01 ~ IP : ::1 ----------
REQUEST URI : /honk/adminpanel/index.php
VQMod::_getMods - NO XML FILES READABLE IN XML FOLDER
----------------------------------------------------------------------


---------- Date: 2018-04-27 17:44:01 ~ IP : ::1 ----------
REQUEST URI : /honk/adminpanel/index.php
VQMod::_getMods - NO XML FILES READABLE IN XML FOLDER
----------------------------------------------------------------------


---------- Date: 2018-04-27 17:44:01 ~ IP : ::1 ----------
REQUEST URI : /honk/adminpanel/index.php
VQMod::_getMods - NO XML FILES READABLE IN XML FOLDER
----------------------------------------------------------------------


---------- Date: 2018-04-27 17:44:01 ~ IP : ::1 ----------
REQUEST URI : /honk/adminpanel/index.php
VQMod::_getMods - NO XML FILES READABLE IN XML FOLDER
----------------------------------------------------------------------


---------- Date: 2018-04-27 17:44:01 ~ IP : ::1 ----------
REQUEST URI : /honk/adminpanel/index.php
VQMod::_getMods - NO XML FILES READABLE IN XML FOLDER
----------------------------------------------------------------------


---------- Date: 2018-04-27 17:44:01 ~ IP : ::1 ----------
REQUEST URI : /honk/adminpanel/index.php
VQMod::_getMods - NO XML FILES READABLE IN XML FOLDER
----------------------------------------------------------------------


---------- Date: 2018-04-27 17:44:56 ~ IP : ::1 ----------
REQUEST URI : /honk/panel/
VQMod::_getMods - NO XML FILES READABLE IN XML FOLDER
----------------------------------------------------------------------


---------- Date: 2018-04-27 17:44:56 ~ IP : ::1 ----------
REQUEST URI : /honk/panel/index.php
VQMod::_getMods - NO XML FILES READABLE IN XML FOLDER
----------------------------------------------------------------------


---------- Date: 2018-04-27 17:45:05 ~ IP : ::1 ----------
REQUEST URI : /honk/panel/admin.php?mod=home
VQMod::_getMods - NO XML FILES READABLE IN XML FOLDER
----------------------------------------------------------------------


---------- Date: 2018-04-27 17:45:12 ~ IP : ::1 ----------
REQUEST URI : /honk/panel/admin.php?mod=home
VQMod::_getMods - NO XML FILES READABLE IN XML FOLDER
----------------------------------------------------------------------


---------- Date: 2018-04-27 17:45:45 ~ IP : ::1 ----------
REQUEST URI : /honk/panel/admin.php?mod=menumanager
VQMod::_getMods - NO XML FILES READABLE IN XML FOLDER
----------------------------------------------------------------------


---------- Date: 2018-04-27 17:45:48 ~ IP : ::1 ----------
REQUEST URI : /honk/panel/admin.php?mod=home&act=index
VQMod::_getMods - NO XML FILES READABLE IN XML FOLDER
----------------------------------------------------------------------


---------- Date: 2018-04-27 17:45:51 ~ IP : ::1 ----------
REQUEST URI : /honk/panel/admin.php?mod=menumanager
VQMod::_getMods - NO XML FILES READABLE IN XML FOLDER
----------------------------------------------------------------------


---------- Date: 2018-04-27 17:45:53 ~ IP : ::1 ----------
REQUEST URI : /honk/panel/admin.php?mod=menumanager
VQMod::_getMods - NO XML FILES READABLE IN XML FOLDER
----------------------------------------------------------------------


---------- Date: 2018-04-27 17:46:04 ~ IP : ::1 ----------
REQUEST URI : /honk/panel/admin.php?mod=menumanager&act=addnew
VQMod::_getMods - NO XML FILES READABLE IN XML FOLDER
----------------------------------------------------------------------


---------- Date: 2018-04-27 17:46:06 ~ IP : ::1 ----------
REQUEST URI : /honk/panel/admin.php?mod=menumanager&act=addnew
VQMod::_getMods - NO XML FILES READABLE IN XML FOLDER
----------------------------------------------------------------------


---------- Date: 2018-04-27 17:46:12 ~ IP : ::1 ----------
REQUEST URI : /honk/panel/admin.php?mod=menumanager&act=addnew
VQMod::_getMods - NO XML FILES READABLE IN XML FOLDER
----------------------------------------------------------------------


---------- Date: 2018-04-27 17:46:13 ~ IP : ::1 ----------
REQUEST URI : /honk/panel/admin.php?mod=menumanager&act=addnew
VQMod::_getMods - NO XML FILES READABLE IN XML FOLDER
----------------------------------------------------------------------


---------- Date: 2018-04-27 17:46:14 ~ IP : ::1 ----------
REQUEST URI : /honk/panel/admin.php?mod=menumanager&act=addnew
VQMod::_getMods - NO XML FILES READABLE IN XML FOLDER
----------------------------------------------------------------------


---------- Date: 2018-04-27 17:49:03 ~ IP : ::1 ----------
REQUEST URI : /honk/
VQMod::_getMods - NO XML FILES READABLE IN XML FOLDER
----------------------------------------------------------------------


---------- Date: 2018-04-27 17:49:03 ~ IP : ::1 ----------
REQUEST URI : /honk/
VQMod::_getMods - NO XML FILES READABLE IN XML FOLDER
----------------------------------------------------------------------


---------- Date: 2018-04-27 17:49:12 ~ IP : ::1 ----------
REQUEST URI : /honk/panel/admin.php?mod=menumanager&act=addnew
VQMod::_getMods - NO XML FILES READABLE IN XML FOLDER
----------------------------------------------------------------------


---------- Date: 2018-04-27 17:49:18 ~ IP : ::1 ----------
REQUEST URI : /honk/panel/admin.php?mod=user
VQMod::_getMods - NO XML FILES READABLE IN XML FOLDER
----------------------------------------------------------------------


---------- Date: 2018-04-27 17:49:22 ~ IP : ::1 ----------
REQUEST URI : /honk/panel/admin.php?mod=user
VQMod::_getMods - NO XML FILES READABLE IN XML FOLDER
----------------------------------------------------------------------


---------- Date: 2018-04-27 17:50:01 ~ IP : ::1 ----------
REQUEST URI : /honk/panel/admin.php?mod=user
VQMod::_getMods - NO XML FILES READABLE IN XML FOLDER
----------------------------------------------------------------------


---------- Date: 2018-04-27 17:50:19 ~ IP : ::1 ----------
REQUEST URI : /honk/panel/index.php
VQMod::_getMods - NO XML FILES READABLE IN XML FOLDER
----------------------------------------------------------------------


---------- Date: 2018-04-27 17:50:36 ~ IP : ::1 ----------
REQUEST URI : /honk/panel/index.php?mod=login&act=index&errormsg=2
VQMod::_getMods - NO XML FILES READABLE IN XML FOLDER
----------------------------------------------------------------------


---------- Date: 2018-04-27 17:50:44 ~ IP : ::1 ----------
REQUEST URI : /honk/panel/admin.php?mod=home
VQMod::_getMods - NO XML FILES READABLE IN XML FOLDER
----------------------------------------------------------------------


---------- Date: 2018-04-27 17:50:51 ~ IP : ::1 ----------
REQUEST URI : /honk/panel/admin.php?mod=setting
VQMod::_getMods - NO XML FILES READABLE IN XML FOLDER
----------------------------------------------------------------------


---------- Date: 2018-04-27 17:51:26 ~ IP : ::1 ----------
REQUEST URI : /honk/panel/admin.php?mod=setting
VQMod::_getMods - NO XML FILES READABLE IN XML FOLDER
----------------------------------------------------------------------


---------- Date: 2018-04-27 17:52:27 ~ IP : ::1 ----------
REQUEST URI : /honk/panel/admin.php?mod=setting
VQMod::_getMods - NO XML FILES READABLE IN XML FOLDER
----------------------------------------------------------------------


---------- Date: 2018-04-27 17:55:25 ~ IP : ::1 ----------
REQUEST URI : /honk/panel/admin.php?mod=setting
VQMod::_getMods - NO XML FILES READABLE IN XML FOLDER
----------------------------------------------------------------------


