---------- Date: 2018-04-28 00:44:56 ~ IP : ::1 ----------
REQUEST URI : /honk/panel/index.php
VQMod::_getMods - NO XML FILES READABLE IN XML FOLDER
----------------------------------------------------------------------


---------- Date: 2018-04-28 00:44:58 ~ IP : ::1 ----------
REQUEST URI : /honk/panel/route.php?mod=login&act=searchlocktype
VQMod::_getMods - NO XML FILES READABLE IN XML FOLDER
----------------------------------------------------------------------


---------- Date: 2018-04-28 00:44:58 ~ IP : ::1 ----------
REQUEST URI : /honk/panel/route.php?mod=login&act=searchlocktype
VQMod::_getMods - NO XML FILES READABLE IN XML FOLDER
----------------------------------------------------------------------


---------- Date: 2018-04-28 00:44:58 ~ IP : ::1 ----------
REQUEST URI : /honk/panel/route.php?mod=login&act=searchlocktype
VQMod::_getMods - NO XML FILES READABLE IN XML FOLDER
----------------------------------------------------------------------


---------- Date: 2018-04-28 00:44:59 ~ IP : ::1 ----------
REQUEST URI : /honk/panel/route.php?mod=login&act=searchlocktype
VQMod::_getMods - NO XML FILES READABLE IN XML FOLDER
----------------------------------------------------------------------


---------- Date: 2018-04-28 00:44:59 ~ IP : ::1 ----------
REQUEST URI : /honk/panel/route.php?mod=login&act=searchlocktype
VQMod::_getMods - NO XML FILES READABLE IN XML FOLDER
----------------------------------------------------------------------


---------- Date: 2018-04-28 00:45:05 ~ IP : ::1 ----------
REQUEST URI : /honk/panel/route.php?mod=login&act=proclogin
VQMod::_getMods - NO XML FILES READABLE IN XML FOLDER
----------------------------------------------------------------------


---------- Date: 2018-04-28 00:45:05 ~ IP : ::1 ----------
REQUEST URI : /honk/panel/admin.php?mod=home
VQMod::_getMods - NO XML FILES READABLE IN XML FOLDER
----------------------------------------------------------------------


---------- Date: 2018-04-28 00:45:13 ~ IP : ::1 ----------
REQUEST URI : /honk/panel/admin.php?mod=home
VQMod::_getMods - NO XML FILES READABLE IN XML FOLDER
----------------------------------------------------------------------


---------- Date: 2018-04-28 00:45:45 ~ IP : ::1 ----------
REQUEST URI : /honk/panel/admin.php?mod=menumanager
VQMod::_getMods - NO XML FILES READABLE IN XML FOLDER
----------------------------------------------------------------------


---------- Date: 2018-04-28 00:45:48 ~ IP : ::1 ----------
REQUEST URI : /honk/panel/admin.php?mod=home&act=index
VQMod::_getMods - NO XML FILES READABLE IN XML FOLDER
----------------------------------------------------------------------


---------- Date: 2018-04-28 00:45:51 ~ IP : ::1 ----------
REQUEST URI : /honk/panel/admin.php?mod=menumanager
VQMod::_getMods - NO XML FILES READABLE IN XML FOLDER
----------------------------------------------------------------------


---------- Date: 2018-04-28 00:45:53 ~ IP : ::1 ----------
REQUEST URI : /honk/panel/admin.php?mod=menumanager
VQMod::_getMods - NO XML FILES READABLE IN XML FOLDER
----------------------------------------------------------------------


---------- Date: 2018-04-28 00:46:04 ~ IP : ::1 ----------
REQUEST URI : /honk/panel/admin.php?mod=menumanager&act=addnew
VQMod::_getMods - NO XML FILES READABLE IN XML FOLDER
----------------------------------------------------------------------


---------- Date: 2018-04-28 00:46:06 ~ IP : ::1 ----------
REQUEST URI : /honk/panel/admin.php?mod=menumanager&act=addnew
VQMod::_getMods - NO XML FILES READABLE IN XML FOLDER
----------------------------------------------------------------------


---------- Date: 2018-04-28 00:46:12 ~ IP : ::1 ----------
REQUEST URI : /honk/panel/admin.php?mod=menumanager&act=addnew
VQMod::_getMods - NO XML FILES READABLE IN XML FOLDER
----------------------------------------------------------------------


---------- Date: 2018-04-28 00:46:13 ~ IP : ::1 ----------
REQUEST URI : /honk/panel/admin.php?mod=menumanager&act=addnew
VQMod::_getMods - NO XML FILES READABLE IN XML FOLDER
----------------------------------------------------------------------


---------- Date: 2018-04-28 00:46:14 ~ IP : ::1 ----------
REQUEST URI : /honk/panel/admin.php?mod=menumanager&act=addnew
VQMod::_getMods - NO XML FILES READABLE IN XML FOLDER
----------------------------------------------------------------------


---------- Date: 2018-04-28 00:49:12 ~ IP : ::1 ----------
REQUEST URI : /honk/panel/admin.php?mod=menumanager&act=addnew
VQMod::_getMods - NO XML FILES READABLE IN XML FOLDER
----------------------------------------------------------------------


---------- Date: 2018-04-28 00:49:18 ~ IP : ::1 ----------
REQUEST URI : /honk/panel/admin.php?mod=user
VQMod::_getMods - NO XML FILES READABLE IN XML FOLDER
----------------------------------------------------------------------


---------- Date: 2018-04-28 00:49:22 ~ IP : ::1 ----------
REQUEST URI : /honk/panel/admin.php?mod=user
VQMod::_getMods - NO XML FILES READABLE IN XML FOLDER
----------------------------------------------------------------------


---------- Date: 2018-04-28 00:50:01 ~ IP : ::1 ----------
REQUEST URI : /honk/panel/admin.php?mod=user
VQMod::_getMods - NO XML FILES READABLE IN XML FOLDER
----------------------------------------------------------------------


---------- Date: 2018-04-28 00:50:19 ~ IP : ::1 ----------
REQUEST URI : /honk/panel/route.php?mod=home&act=logout
VQMod::_getMods - NO XML FILES READABLE IN XML FOLDER
----------------------------------------------------------------------


---------- Date: 2018-04-28 00:50:19 ~ IP : ::1 ----------
REQUEST URI : /honk/panel/index.php
VQMod::_getMods - NO XML FILES READABLE IN XML FOLDER
----------------------------------------------------------------------


---------- Date: 2018-04-28 00:50:24 ~ IP : ::1 ----------
REQUEST URI : /honk/panel/route.php?mod=login&act=searchlocktype
VQMod::_getMods - NO XML FILES READABLE IN XML FOLDER
----------------------------------------------------------------------


---------- Date: 2018-04-28 00:50:25 ~ IP : ::1 ----------
REQUEST URI : /honk/panel/route.php?mod=login&act=searchlocktype
VQMod::_getMods - NO XML FILES READABLE IN XML FOLDER
----------------------------------------------------------------------


---------- Date: 2018-04-28 00:50:25 ~ IP : ::1 ----------
REQUEST URI : /honk/panel/route.php?mod=login&act=searchlocktype
VQMod::_getMods - NO XML FILES READABLE IN XML FOLDER
----------------------------------------------------------------------


---------- Date: 2018-04-28 00:50:25 ~ IP : ::1 ----------
REQUEST URI : /honk/panel/route.php?mod=login&act=searchlocktype
VQMod::_getMods - NO XML FILES READABLE IN XML FOLDER
----------------------------------------------------------------------


---------- Date: 2018-04-28 00:50:26 ~ IP : ::1 ----------
REQUEST URI : /honk/panel/route.php?mod=login&act=searchlocktype
VQMod::_getMods - NO XML FILES READABLE IN XML FOLDER
----------------------------------------------------------------------


---------- Date: 2018-04-28 00:50:26 ~ IP : ::1 ----------
REQUEST URI : /honk/panel/route.php?mod=login&act=searchlocktype
VQMod::_getMods - NO XML FILES READABLE IN XML FOLDER
----------------------------------------------------------------------


---------- Date: 2018-04-28 00:50:26 ~ IP : ::1 ----------
REQUEST URI : /honk/panel/route.php?mod=login&act=searchlocktype
VQMod::_getMods - NO XML FILES READABLE IN XML FOLDER
----------------------------------------------------------------------


---------- Date: 2018-04-28 00:50:36 ~ IP : ::1 ----------
REQUEST URI : /honk/panel/route.php?mod=login&act=proclogin
VQMod::_getMods - NO XML FILES READABLE IN XML FOLDER
----------------------------------------------------------------------


---------- Date: 2018-04-28 00:50:36 ~ IP : ::1 ----------
REQUEST URI : /honk/panel/index.php?mod=login&act=index&errormsg=2
VQMod::_getMods - NO XML FILES READABLE IN XML FOLDER
----------------------------------------------------------------------


---------- Date: 2018-04-28 00:50:39 ~ IP : ::1 ----------
REQUEST URI : /honk/panel/route.php?mod=login&act=searchlocktype
VQMod::_getMods - NO XML FILES READABLE IN XML FOLDER
----------------------------------------------------------------------


---------- Date: 2018-04-28 00:50:40 ~ IP : ::1 ----------
REQUEST URI : /honk/panel/route.php?mod=login&act=searchlocktype
VQMod::_getMods - NO XML FILES READABLE IN XML FOLDER
----------------------------------------------------------------------


---------- Date: 2018-04-28 00:50:40 ~ IP : ::1 ----------
REQUEST URI : /honk/panel/route.php?mod=login&act=searchlocktype
VQMod::_getMods - NO XML FILES READABLE IN XML FOLDER
----------------------------------------------------------------------


---------- Date: 2018-04-28 00:50:40 ~ IP : ::1 ----------
REQUEST URI : /honk/panel/route.php?mod=login&act=searchlocktype
VQMod::_getMods - NO XML FILES READABLE IN XML FOLDER
----------------------------------------------------------------------


---------- Date: 2018-04-28 00:50:40 ~ IP : ::1 ----------
REQUEST URI : /honk/panel/route.php?mod=login&act=searchlocktype
VQMod::_getMods - NO XML FILES READABLE IN XML FOLDER
----------------------------------------------------------------------


---------- Date: 2018-04-28 00:50:43 ~ IP : ::1 ----------
REQUEST URI : /honk/panel/route.php?mod=login&act=proclogin
VQMod::_getMods - NO XML FILES READABLE IN XML FOLDER
----------------------------------------------------------------------


---------- Date: 2018-04-28 00:50:44 ~ IP : ::1 ----------
REQUEST URI : /honk/panel/admin.php?mod=home
VQMod::_getMods - NO XML FILES READABLE IN XML FOLDER
----------------------------------------------------------------------


---------- Date: 2018-04-28 00:50:51 ~ IP : ::1 ----------
REQUEST URI : /honk/panel/admin.php?mod=setting
VQMod::_getMods - NO XML FILES READABLE IN XML FOLDER
----------------------------------------------------------------------


---------- Date: 2018-04-28 00:51:26 ~ IP : ::1 ----------
REQUEST URI : /honk/panel/admin.php?mod=setting
VQMod::_getMods - NO XML FILES READABLE IN XML FOLDER
----------------------------------------------------------------------


---------- Date: 2018-04-28 00:52:27 ~ IP : ::1 ----------
REQUEST URI : /honk/panel/admin.php?mod=setting
VQMod::_getMods - NO XML FILES READABLE IN XML FOLDER
----------------------------------------------------------------------


---------- Date: 2018-04-28 00:55:25 ~ IP : ::1 ----------
REQUEST URI : /honk/panel/admin.php?mod=setting
VQMod::_getMods - NO XML FILES READABLE IN XML FOLDER
----------------------------------------------------------------------


